{"D:\\_DEV\\_projects\\_staging\\contact_manager_app\\backend\\ecosystem.config.js": {"path":"D:\\_DEV\\_projects\\_staging\\contact_manager_app\\backend\\ecosystem.config.js","statementMap":{"0":{"start":{"line":1,"column":0},"end":{"line":23,"column":2}}},"fnMap":{},"branchMap":{},"s":{"0":0},"f":{},"b":{}}
,"D:\\_DEV\\_projects\\_staging\\contact_manager_app\\backend\\server.js": {"path":"D:\\_DEV\\_projects\\_staging\\contact_manager_app\\backend\\server.js","statementMap":{"0":{"start":{"line":1,"column":16},"end":{"line":1,"column":34}},"1":{"start":{"line":2,"column":13},"end":{"line":2,"column":28}},"2":{"start":{"line":3,"column":13},"end":{"line":3,"column":28}},"3":{"start":{"line":5,"column":0},"end":{"line":5,"column":27}},"4":{"start":{"line":7,"column":25},"end":{"line":7,"column":61}},"5":{"start":{"line":8,"column":21},"end":{"line":8,"column":57}},"6":{"start":{"line":10,"column":15},"end":{"line":10,"column":40}},"7":{"start":{"line":11,"column":22},"end":{"line":11,"column":50}},"8":{"start":{"line":13,"column":12},"end":{"line":13,"column":21}},"9":{"start":{"line":14,"column":13},"end":{"line":14,"column":37}},"10":{"start":{"line":16,"column":0},"end":{"line":16,"column":24}},"11":{"start":{"line":17,"column":0},"end":{"line":17,"column":46}},"12":{"start":{"line":18,"column":0},"end":{"line":18,"column":16}},"13":{"start":{"line":20,"column":0},"end":{"line":20,"column":68}},"14":{"start":{"line":21,"column":0},"end":{"line":24,"column":3}},"15":{"start":{"line":22,"column":4},"end":{"line":22,"column":74}},"16":{"start":{"line":23,"column":4},"end":{"line":23,"column":11}},"17":{"start":{"line":27,"column":0},"end":{"line":27,"column":24}},"18":{"start":{"line":28,"column":0},"end":{"line":28,"column":22}},"19":{"start":{"line":30,"column":20},"end":{"line":36,"column":1}},"20":{"start":{"line":31,"column":4},"end":{"line":35,"column":7}},"21":{"start":{"line":32,"column":8},"end":{"line":32,"column":55}},"22":{"start":{"line":33,"column":8},"end":{"line":33,"column":77}},"23":{"start":{"line":34,"column":8},"end":{"line":34,"column":53}},"24":{"start":{"line":38,"column":0},"end":{"line":38,"column":14}},"25":{"start":{"line":41,"column":0},"end":{"line":45,"column":3}},"26":{"start":{"line":42,"column":4},"end":{"line":42,"column":50}},"27":{"start":{"line":43,"column":4},"end":{"line":43,"column":22}},"28":{"start":{"line":44,"column":4},"end":{"line":44,"column":20}},"29":{"start":{"line":47,"column":0},"end":{"line":51,"column":3}},"30":{"start":{"line":48,"column":4},"end":{"line":48,"column":50}},"31":{"start":{"line":49,"column":4},"end":{"line":49,"column":22}},"32":{"start":{"line":50,"column":4},"end":{"line":50,"column":20}}},"fnMap":{"0":{"name":"(anonymous_0)","decl":{"start":{"line":21,"column":8},"end":{"line":21,"column":9}},"loc":{"start":{"line":21,"column":28},"end":{"line":24,"column":1}},"line":21},"1":{"name":"(anonymous_1)","decl":{"start":{"line":30,"column":20},"end":{"line":30,"column":21}},"loc":{"start":{"line":30,"column":32},"end":{"line":36,"column":1}},"line":30},"2":{"name":"(anonymous_2)","decl":{"start":{"line":31,"column":21},"end":{"line":31,"column":22}},"loc":{"start":{"line":31,"column":27},"end":{"line":35,"column":5}},"line":31},"3":{"name":"(anonymous_3)","decl":{"start":{"line":41,"column":21},"end":{"line":41,"column":22}},"loc":{"start":{"line":41,"column":32},"end":{"line":45,"column":1}},"line":41},"4":{"name":"(anonymous_4)","decl":{"start":{"line":47,"column":22},"end":{"line":47,"column":23}},"loc":{"start":{"line":47,"column":34},"end":{"line":51,"column":1}},"line":47}},"branchMap":{"0":{"loc":{"start":{"line":14,"column":13},"end":{"line":14,"column":37}},"type":"binary-expr","locations":[{"start":{"line":14,"column":13},"end":{"line":14,"column":29}},{"start":{"line":14,"column":33},"end":{"line":14,"column":37}}],"line":14},"1":{"loc":{"start":{"line":33,"column":36},"end":{"line":33,"column":73}},"type":"binary-expr","locations":[{"start":{"line":33,"column":36},"end":{"line":33,"column":56}},{"start":{"line":33,"column":60},"end":{"line":33,"column":73}}],"line":33}},"s":{"0":0,"1":0,"2":0,"3":0,"4":0,"5":0,"6":0,"7":0,"8":0,"9":0,"10":0,"11":0,"12":0,"13":0,"14":0,"15":0,"16":0,"17":0,"18":0,"19":0,"20":0,"21":0,"22":0,"23":0,"24":0,"25":0,"26":0,"27":0,"28":0,"29":0,"30":0,"31":0,"32":0},"f":{"0":0,"1":0,"2":0,"3":0,"4":0},"b":{"0":[0,0],"1":[0,0]}}
,"D:\\_DEV\\_projects\\_staging\\contact_manager_app\\backend\\config\\database.js": {"path":"D:\\_DEV\\_projects\\_staging\\contact_manager_app\\backend\\config\\database.js","statementMap":{"0":{"start":{"line":6,"column":12},"end":{"line":6,"column":28}},"1":{"start":{"line":8,"column":0},"end":{"line":8,"column":27}},"2":{"start":{"line":11,"column":15},"end":{"line":25,"column":1}},"3":{"start":{"line":28,"column":18},"end":{"line":28,"column":22}},"4":{"start":{"line":31,"column":16},"end":{"line":43,"column":1}},"5":{"start":{"line":32,"column":2},"end":{"line":41,"column":3}},"6":{"start":{"line":33,"column":4},"end":{"line":40,"column":5}},"7":{"start":{"line":34,"column":8},"end":{"line":34,"column":42}},"8":{"start":{"line":35,"column":8},"end":{"line":35,"column":57}},"9":{"start":{"line":37,"column":8},"end":{"line":37,"column":68}},"10":{"start":{"line":38,"column":8},"end":{"line":38,"column":27}},"11":{"start":{"line":39,"column":8},"end":{"line":39,"column":20}},"12":{"start":{"line":42,"column":2},"end":{"line":42,"column":21}},"13":{"start":{"line":46,"column":18},"end":{"line":52,"column":1}},"14":{"start":{"line":47,"column":4},"end":{"line":51,"column":5}},"15":{"start":{"line":48,"column":8},"end":{"line":48,"column":41}},"16":{"start":{"line":49,"column":8},"end":{"line":49,"column":27}},"17":{"start":{"line":50,"column":8},"end":{"line":50,"column":56}},"18":{"start":{"line":54,"column":0},"end":{"line":58,"column":2}}},"fnMap":{"0":{"name":"(anonymous_0)","decl":{"start":{"line":31,"column":16},"end":{"line":31,"column":17}},"loc":{"start":{"line":31,"column":28},"end":{"line":43,"column":1}},"line":31},"1":{"name":"(anonymous_1)","decl":{"start":{"line":46,"column":18},"end":{"line":46,"column":19}},"loc":{"start":{"line":46,"column":30},"end":{"line":52,"column":1}},"line":46}},"branchMap":{"0":{"loc":{"start":{"line":32,"column":2},"end":{"line":41,"column":3}},"type":"if","locations":[{"start":{"line":32,"column":2},"end":{"line":41,"column":3}},{"start":{},"end":{}}],"line":32},"1":{"loc":{"start":{"line":47,"column":4},"end":{"line":51,"column":5}},"type":"if","locations":[{"start":{"line":47,"column":4},"end":{"line":51,"column":5}},{"start":{},"end":{}}],"line":47}},"s":{"0":0,"1":0,"2":0,"3":0,"4":0,"5":0,"6":0,"7":0,"8":0,"9":0,"10":0,"11":0,"12":0,"13":0,"14":0,"15":0,"16":0,"17":0,"18":0},"f":{"0":0,"1":0},"b":{"0":[0,0],"1":[0,0]}}
,"D:\\_DEV\\_projects\\_staging\\contact_manager_app\\backend\\middleware\\asyncHandler.js": {"path":"D:\\_DEV\\_projects\\_staging\\contact_manager_app\\backend\\middleware\\asyncHandler.js","statementMap":{"0":{"start":{"line":6,"column":21},"end":{"line":8,"column":1}},"1":{"start":{"line":6,"column":29},"end":{"line":8,"column":1}},"2":{"start":{"line":7,"column":4},"end":{"line":7,"column":52}},"3":{"start":{"line":10,"column":0},"end":{"line":10,"column":30}}},"fnMap":{"0":{"name":"(anonymous_0)","decl":{"start":{"line":6,"column":21},"end":{"line":6,"column":22}},"loc":{"start":{"line":6,"column":29},"end":{"line":8,"column":1}},"line":6},"1":{"name":"(anonymous_1)","decl":{"start":{"line":6,"column":29},"end":{"line":6,"column":30}},"loc":{"start":{"line":6,"column":49},"end":{"line":8,"column":1}},"line":6}},"branchMap":{},"s":{"0":0,"1":0,"2":0,"3":0},"f":{"0":0,"1":0},"b":{}}
,"D:\\_DEV\\_projects\\_staging\\contact_manager_app\\backend\\middleware\\errorHandler.js": {"path":"D:\\_DEV\\_projects\\_staging\\contact_manager_app\\backend\\middleware\\errorHandler.js","statementMap":{"0":{"start":{"line":3,"column":8},"end":{"line":3,"column":23}},"1":{"start":{"line":4,"column":8},"end":{"line":4,"column":37}},"2":{"start":{"line":5,"column":8},"end":{"line":5,"column":34}},"3":{"start":{"line":6,"column":8},"end":{"line":6,"column":56}},"4":{"start":{"line":12,"column":8},"end":{"line":12,"column":28}},"5":{"start":{"line":13,"column":8},"end":{"line":13,"column":37}},"6":{"start":{"line":19,"column":8},"end":{"line":19,"column":44}},"7":{"start":{"line":20,"column":8},"end":{"line":20,"column":36}},"8":{"start":{"line":26,"column":8},"end":{"line":26,"column":28}},"9":{"start":{"line":27,"column":8},"end":{"line":27,"column":36}},"10":{"start":{"line":31,"column":21},"end":{"line":60,"column":1}},"11":{"start":{"line":32,"column":4},"end":{"line":38,"column":7}},"12":{"start":{"line":40,"column":4},"end":{"line":45,"column":5}},"13":{"start":{"line":41,"column":8},"end":{"line":44,"column":11}},"14":{"start":{"line":47,"column":4},"end":{"line":53,"column":5}},"15":{"start":{"line":48,"column":8},"end":{"line":52,"column":11}},"16":{"start":{"line":55,"column":4},"end":{"line":59,"column":7}},"17":{"start":{"line":62,"column":0},"end":{"line":68,"column":1}}},"fnMap":{"0":{"name":"(anonymous_0)","decl":{"start":{"line":2,"column":4},"end":{"line":2,"column":5}},"loc":{"start":{"line":2,"column":36},"end":{"line":7,"column":5}},"line":2},"1":{"name":"(anonymous_1)","decl":{"start":{"line":11,"column":4},"end":{"line":11,"column":5}},"loc":{"start":{"line":11,"column":24},"end":{"line":14,"column":5}},"line":11},"2":{"name":"(anonymous_2)","decl":{"start":{"line":18,"column":4},"end":{"line":18,"column":5}},"loc":{"start":{"line":18,"column":25},"end":{"line":21,"column":5}},"line":18},"3":{"name":"(anonymous_3)","decl":{"start":{"line":25,"column":4},"end":{"line":25,"column":5}},"loc":{"start":{"line":25,"column":24},"end":{"line":28,"column":5}},"line":25},"4":{"name":"(anonymous_4)","decl":{"start":{"line":31,"column":21},"end":{"line":31,"column":22}},"loc":{"start":{"line":31,"column":46},"end":{"line":60,"column":1}},"line":31}},"branchMap":{"0":{"loc":{"start":{"line":35,"column":15},"end":{"line":35,"column":76}},"type":"cond-expr","locations":[{"start":{"line":35,"column":56},"end":{"line":35,"column":65}},{"start":{"line":35,"column":67},"end":{"line":35,"column":76}}],"line":35},"1":{"loc":{"start":{"line":40,"column":4},"end":{"line":45,"column":5}},"type":"if","locations":[{"start":{"line":40,"column":4},"end":{"line":45,"column":5}},{"start":{},"end":{}}],"line":40},"2":{"loc":{"start":{"line":47,"column":4},"end":{"line":53,"column":5}},"type":"if","locations":[{"start":{"line":47,"column":4},"end":{"line":53,"column":5}},{"start":{},"end":{}}],"line":47},"3":{"loc":{"start":{"line":47,"column":8},"end":{"line":47,"column":49}},"type":"binary-expr","locations":[{"start":{"line":47,"column":8},"end":{"line":47,"column":35}},{"start":{"line":47,"column":39},"end":{"line":47,"column":49}}],"line":47},"4":{"loc":{"start":{"line":51,"column":21},"end":{"line":51,"column":85}},"type":"cond-expr","locations":[{"start":{"line":51,"column":62},"end":{"line":51,"column":73}},{"start":{"line":51,"column":76},"end":{"line":51,"column":85}}],"line":51},"5":{"loc":{"start":{"line":58,"column":17},"end":{"line":58,"column":81}},"type":"cond-expr","locations":[{"start":{"line":58,"column":58},"end":{"line":58,"column":69}},{"start":{"line":58,"column":72},"end":{"line":58,"column":81}}],"line":58}},"s":{"0":2,"1":2,"2":2,"3":2,"4":2,"5":2,"6":0,"7":0,"8":0,"9":0,"10":1,"11":0,"12":0,"13":0,"14":0,"15":0,"16":0,"17":1},"f":{"0":2,"1":2,"2":0,"3":0,"4":0},"b":{"0":[0,0],"1":[0,0],"2":[0,0],"3":[0,0],"4":[0,0],"5":[0,0]},"_coverageSchema":"1a1c01bbd47fc00a2c39e90264f33305004495a9","hash":"679ebfc59f5e828d03abb29981b4b0ef95e87c1d"}
,"D:\\_DEV\\_projects\\_staging\\contact_manager_app\\backend\\middleware\\validator.js": {"path":"D:\\_DEV\\_projects\\_staging\\contact_manager_app\\backend\\middleware\\validator.js","statementMap":{"0":{"start":{"line":3,"column":27},"end":{"line":3,"column":52}},"1":{"start":{"line":5,"column":24},"end":{"line":50,"column":1}},"2":{"start":{"line":6,"column":50},"end":{"line":6,"column":58}},"3":{"start":{"line":7,"column":19},"end":{"line":7,"column":21}},"4":{"start":{"line":10,"column":4},"end":{"line":16,"column":5}},"5":{"start":{"line":11,"column":8},"end":{"line":11,"column":46}},"6":{"start":{"line":12,"column":11},"end":{"line":16,"column":5}},"7":{"start":{"line":13,"column":8},"end":{"line":13,"column":64}},"8":{"start":{"line":14,"column":11},"end":{"line":16,"column":5}},"9":{"start":{"line":15,"column":8},"end":{"line":15,"column":64}},"10":{"start":{"line":19,"column":4},"end":{"line":25,"column":5}},"11":{"start":{"line":20,"column":8},"end":{"line":20,"column":45}},"12":{"start":{"line":21,"column":11},"end":{"line":25,"column":5}},"13":{"start":{"line":22,"column":8},"end":{"line":22,"column":63}},"14":{"start":{"line":23,"column":11},"end":{"line":25,"column":5}},"15":{"start":{"line":24,"column":8},"end":{"line":24,"column":63}},"16":{"start":{"line":28,"column":4},"end":{"line":35,"column":5}},"17":{"start":{"line":29,"column":8},"end":{"line":29,"column":41}},"18":{"start":{"line":31,"column":29},"end":{"line":31,"column":57}},"19":{"start":{"line":32,"column":8},"end":{"line":34,"column":9}},"20":{"start":{"line":33,"column":12},"end":{"line":33,"column":48}},"21":{"start":{"line":38,"column":4},"end":{"line":43,"column":5}},"22":{"start":{"line":39,"column":29},"end":{"line":39,"column":88}},"23":{"start":{"line":40,"column":8},"end":{"line":42,"column":9}},"24":{"start":{"line":41,"column":12},"end":{"line":41,"column":48}},"25":{"start":{"line":45,"column":4},"end":{"line":47,"column":5}},"26":{"start":{"line":46,"column":8},"end":{"line":46,"column":52}},"27":{"start":{"line":49,"column":4},"end":{"line":49,"column":11}},"28":{"start":{"line":53,"column":19},"end":{"line":62,"column":1}},"29":{"start":{"line":54,"column":15},"end":{"line":54,"column":38}},"30":{"start":{"line":56,"column":4},"end":{"line":58,"column":5}},"31":{"start":{"line":57,"column":8},"end":{"line":57,"column":55}},"32":{"start":{"line":60,"column":4},"end":{"line":60,"column":23}},"33":{"start":{"line":61,"column":4},"end":{"line":61,"column":11}},"34":{"start":{"line":64,"column":0},"end":{"line":67,"column":1}}},"fnMap":{"0":{"name":"(anonymous_0)","decl":{"start":{"line":5,"column":24},"end":{"line":5,"column":25}},"loc":{"start":{"line":5,"column":44},"end":{"line":50,"column":1}},"line":5},"1":{"name":"(anonymous_1)","decl":{"start":{"line":53,"column":19},"end":{"line":53,"column":20}},"loc":{"start":{"line":53,"column":39},"end":{"line":62,"column":1}},"line":53}},"branchMap":{"0":{"loc":{"start":{"line":10,"column":4},"end":{"line":16,"column":5}},"type":"if","locations":[{"start":{"line":10,"column":4},"end":{"line":16,"column":5}},{"start":{"line":12,"column":11},"end":{"line":16,"column":5}}],"line":10},"1":{"loc":{"start":{"line":10,"column":8},"end":{"line":10,"column":45}},"type":"binary-expr","locations":[{"start":{"line":10,"column":8},"end":{"line":10,"column":18}},{"start":{"line":10,"column":22},"end":{"line":10,"column":45}}],"line":10},"2":{"loc":{"start":{"line":12,"column":11},"end":{"line":16,"column":5}},"type":"if","locations":[{"start":{"line":12,"column":11},"end":{"line":16,"column":5}},{"start":{"line":14,"column":11},"end":{"line":16,"column":5}}],"line":12},"3":{"loc":{"start":{"line":14,"column":11},"end":{"line":16,"column":5}},"type":"if","locations":[{"start":{"line":14,"column":11},"end":{"line":16,"column":5}},{"start":{},"end":{}}],"line":14},"4":{"loc":{"start":{"line":19,"column":4},"end":{"line":25,"column":5}},"type":"if","locations":[{"start":{"line":19,"column":4},"end":{"line":25,"column":5}},{"start":{"line":21,"column":11},"end":{"line":25,"column":5}}],"line":19},"5":{"loc":{"start":{"line":19,"column":8},"end":{"line":19,"column":43}},"type":"binary-expr","locations":[{"start":{"line":19,"column":8},"end":{"line":19,"column":17}},{"start":{"line":19,"column":21},"end":{"line":19,"column":43}}],"line":19},"6":{"loc":{"start":{"line":21,"column":11},"end":{"line":25,"column":5}},"type":"if","locations":[{"start":{"line":21,"column":11},"end":{"line":25,"column":5}},{"start":{"line":23,"column":11},"end":{"line":25,"column":5}}],"line":21},"7":{"loc":{"start":{"line":23,"column":11},"end":{"line":25,"column":5}},"type":"if","locations":[{"start":{"line":23,"column":11},"end":{"line":25,"column":5}},{"start":{},"end":{}}],"line":23},"8":{"loc":{"start":{"line":28,"column":4},"end":{"line":35,"column":5}},"type":"if","locations":[{"start":{"line":28,"column":4},"end":{"line":35,"column":5}},{"start":{"line":30,"column":11},"end":{"line":35,"column":5}}],"line":28},"9":{"loc":{"start":{"line":28,"column":8},"end":{"line":28,"column":37}},"type":"binary-expr","locations":[{"start":{"line":28,"column":8},"end":{"line":28,"column":14}},{"start":{"line":28,"column":18},"end":{"line":28,"column":37}}],"line":28},"10":{"loc":{"start":{"line":32,"column":8},"end":{"line":34,"column":9}},"type":"if","locations":[{"start":{"line":32,"column":8},"end":{"line":34,"column":9}},{"start":{},"end":{}}],"line":32},"11":{"loc":{"start":{"line":38,"column":4},"end":{"line":43,"column":5}},"type":"if","locations":[{"start":{"line":38,"column":4},"end":{"line":43,"column":5}},{"start":{},"end":{}}],"line":38},"12":{"loc":{"start":{"line":38,"column":8},"end":{"line":38,"column":36}},"type":"binary-expr","locations":[{"start":{"line":38,"column":8},"end":{"line":38,"column":13}},{"start":{"line":38,"column":17},"end":{"line":38,"column":36}}],"line":38},"13":{"loc":{"start":{"line":40,"column":8},"end":{"line":42,"column":9}},"type":"if","locations":[{"start":{"line":40,"column":8},"end":{"line":42,"column":9}},{"start":{},"end":{}}],"line":40},"14":{"loc":{"start":{"line":45,"column":4},"end":{"line":47,"column":5}},"type":"if","locations":[{"start":{"line":45,"column":4},"end":{"line":47,"column":5}},{"start":{},"end":{}}],"line":45},"15":{"loc":{"start":{"line":56,"column":4},"end":{"line":58,"column":5}},"type":"if","locations":[{"start":{"line":56,"column":4},"end":{"line":58,"column":5}},{"start":{},"end":{}}],"line":56},"16":{"loc":{"start":{"line":56,"column":7},"end":{"line":56,"column":27}},"type":"binary-expr","locations":[{"start":{"line":56,"column":7},"end":{"line":56,"column":16}},{"start":{"line":56,"column":20},"end":{"line":56,"column":27}}],"line":56}},"s":{"0":1,"1":1,"2":2,"3":2,"4":2,"5":0,"6":2,"7":0,"8":2,"9":0,"10":2,"11":0,"12":2,"13":0,"14":2,"15":0,"16":2,"17":0,"18":2,"19":2,"20":1,"21":2,"22":1,"23":1,"24":0,"25":2,"26":1,"27":1,"28":1,"29":2,"30":2,"31":1,"32":1,"33":1,"34":1},"f":{"0":2,"1":2},"b":{"0":[0,2],"1":[2,2],"2":[0,2],"3":[0,2],"4":[0,2],"5":[2,2],"6":[0,2],"7":[0,2],"8":[0,2],"9":[2,2],"10":[1,1],"11":[1,1],"12":[2,1],"13":[0,1],"14":[1,1],"15":[1,1],"16":[2,2]},"_coverageSchema":"1a1c01bbd47fc00a2c39e90264f33305004495a9","hash":"79c12df327d1a8d9645e7496d4a6a39f1b355211"}
,"D:\\_DEV\\_projects\\_staging\\contact_manager_app\\backend\\routes\\index.js": {"path":"D:\\_DEV\\_projects\\_staging\\contact_manager_app\\backend\\routes\\index.js","statementMap":{"0":{"start":{"line":1,"column":16},"end":{"line":1,"column":34}},"1":{"start":{"line":2,"column":15},"end":{"line":2,"column":31}},"2":{"start":{"line":3,"column":12},"end":{"line":3,"column":28}},"3":{"start":{"line":5,"column":20},"end":{"line":5,"column":49}},"4":{"start":{"line":6,"column":21},"end":{"line":6,"column":58}},"5":{"start":{"line":7,"column":40},"end":{"line":7,"column":74}},"6":{"start":{"line":10,"column":0},"end":{"line":16,"column":3}},"7":{"start":{"line":11,"column":2},"end":{"line":15,"column":5}},"8":{"start":{"line":19,"column":0},"end":{"line":35,"column":2}},"9":{"start":{"line":22,"column":17},"end":{"line":22,"column":32}},"10":{"start":{"line":23,"column":19},"end":{"line":27,"column":6}},"11":{"start":{"line":29,"column":4},"end":{"line":33,"column":7}},"12":{"start":{"line":38,"column":0},"end":{"line":66,"column":2}},"13":{"start":{"line":42,"column":17},"end":{"line":42,"column":32}},"14":{"start":{"line":43,"column":19},"end":{"line":52,"column":7}},"15":{"start":{"line":54,"column":4},"end":{"line":59,"column":5}},"16":{"start":{"line":55,"column":6},"end":{"line":58,"column":9}},"17":{"start":{"line":61,"column":4},"end":{"line":64,"column":7}},"18":{"start":{"line":69,"column":0},"end":{"line":92,"column":4}},"19":{"start":{"line":71,"column":50},"end":{"line":71,"column":58}},"20":{"start":{"line":72,"column":17},"end":{"line":72,"column":32}},"21":{"start":{"line":73,"column":19},"end":{"line":82,"column":10}},"22":{"start":{"line":84,"column":18},"end":{"line":84,"column":40}},"23":{"start":{"line":85,"column":23},"end":{"line":85,"column":118}},"24":{"start":{"line":87,"column":4},"end":{"line":91,"column":7}},"25":{"start":{"line":95,"column":0},"end":{"line":132,"column":4}},"26":{"start":{"line":97,"column":50},"end":{"line":97,"column":58}},"27":{"start":{"line":99,"column":17},"end":{"line":99,"column":32}},"28":{"start":{"line":100,"column":19},"end":{"line":116,"column":14}},"29":{"start":{"line":118,"column":4},"end":{"line":123,"column":5}},"30":{"start":{"line":119,"column":6},"end":{"line":122,"column":9}},"31":{"start":{"line":125,"column":26},"end":{"line":125,"column":129}},"32":{"start":{"line":127,"column":4},"end":{"line":131,"column":7}},"33":{"start":{"line":135,"column":0},"end":{"line":156,"column":4}},"34":{"start":{"line":137,"column":17},"end":{"line":137,"column":32}},"35":{"start":{"line":138,"column":19},"end":{"line":142,"column":14}},"36":{"start":{"line":144,"column":4},"end":{"line":149,"column":5}},"37":{"start":{"line":145,"column":6},"end":{"line":148,"column":9}},"38":{"start":{"line":151,"column":4},"end":{"line":155,"column":7}},"39":{"start":{"line":162,"column":0},"end":{"line":167,"column":4}},"40":{"start":{"line":164,"column":15},"end":{"line":164,"column":30}},"41":{"start":{"line":165,"column":17},"end":{"line":165,"column":76}},"42":{"start":{"line":166,"column":2},"end":{"line":166,"column":29}},"43":{"start":{"line":169,"column":0},"end":{"line":169,"column":24}}},"fnMap":{"0":{"name":"(anonymous_0)","decl":{"start":{"line":10,"column":22},"end":{"line":10,"column":23}},"loc":{"start":{"line":10,"column":36},"end":{"line":16,"column":1}},"line":10},"1":{"name":"(anonymous_1)","decl":{"start":{"line":21,"column":15},"end":{"line":21,"column":16}},"loc":{"start":{"line":21,"column":35},"end":{"line":34,"column":3}},"line":21},"2":{"name":"(anonymous_2)","decl":{"start":{"line":41,"column":15},"end":{"line":41,"column":16}},"loc":{"start":{"line":41,"column":35},"end":{"line":65,"column":3}},"line":41},"3":{"name":"(anonymous_3)","decl":{"start":{"line":70,"column":4},"end":{"line":70,"column":5}},"loc":{"start":{"line":70,"column":24},"end":{"line":92,"column":1}},"line":70},"4":{"name":"(anonymous_4)","decl":{"start":{"line":96,"column":1},"end":{"line":96,"column":2}},"loc":{"start":{"line":96,"column":21},"end":{"line":132,"column":1}},"line":96},"5":{"name":"(anonymous_5)","decl":{"start":{"line":136,"column":0},"end":{"line":136,"column":1}},"loc":{"start":{"line":136,"column":20},"end":{"line":156,"column":1}},"line":136},"6":{"name":"(anonymous_6)","decl":{"start":{"line":163,"column":0},"end":{"line":163,"column":1}},"loc":{"start":{"line":163,"column":20},"end":{"line":167,"column":1}},"line":163}},"branchMap":{"0":{"loc":{"start":{"line":54,"column":4},"end":{"line":59,"column":5}},"type":"if","locations":[{"start":{"line":54,"column":4},"end":{"line":59,"column":5}},{"start":{},"end":{}}],"line":54},"1":{"loc":{"start":{"line":78,"column":42},"end":{"line":78,"column":69}},"type":"cond-expr","locations":[{"start":{"line":78,"column":50},"end":{"line":78,"column":62}},{"start":{"line":78,"column":65},"end":{"line":78,"column":69}}],"line":78},"2":{"loc":{"start":{"line":106,"column":40},"end":{"line":106,"column":67}},"type":"cond-expr","locations":[{"start":{"line":106,"column":48},"end":{"line":106,"column":60}},{"start":{"line":106,"column":63},"end":{"line":106,"column":67}}],"line":106},"3":{"loc":{"start":{"line":118,"column":4},"end":{"line":123,"column":5}},"type":"if","locations":[{"start":{"line":118,"column":4},"end":{"line":123,"column":5}},{"start":{},"end":{}}],"line":118},"4":{"loc":{"start":{"line":144,"column":4},"end":{"line":149,"column":5}},"type":"if","locations":[{"start":{"line":144,"column":4},"end":{"line":149,"column":5}},{"start":{},"end":{}}],"line":144}},"s":{"0":0,"1":0,"2":0,"3":0,"4":0,"5":0,"6":0,"7":0,"8":0,"9":0,"10":0,"11":0,"12":0,"13":0,"14":0,"15":0,"16":0,"17":0,"18":0,"19":0,"20":0,"21":0,"22":0,"23":0,"24":0,"25":0,"26":0,"27":0,"28":0,"29":0,"30":0,"31":0,"32":0,"33":0,"34":0,"35":0,"36":0,"37":0,"38":0,"39":0,"40":0,"41":0,"42":0,"43":0},"f":{"0":0,"1":0,"2":0,"3":0,"4":0,"5":0,"6":0},"b":{"0":[0,0],"1":[0,0],"2":[0,0],"3":[0,0],"4":[0,0]}}
}
