TN:
SF:ecosystem.config.js
FNF:0
FNH:0
DA:1,0
LF:1
LH:0
BRF:0
BRH:0
end_of_record
TN:
SF:server.js
FN:21,(anonymous_0)
FN:30,(anonymous_1)
FN:31,(anonymous_2)
FN:41,(anonymous_3)
FN:47,(anonymous_4)
FNF:5
FNH:0
FNDA:0,(anonymous_0)
FNDA:0,(anonymous_1)
FNDA:0,(anonymous_2)
FNDA:0,(anonymous_3)
FNDA:0,(anonymous_4)
DA:1,0
DA:2,0
DA:3,0
DA:5,0
DA:7,0
DA:8,0
DA:10,0
DA:11,0
DA:13,0
DA:14,0
DA:16,0
DA:17,0
DA:18,0
DA:20,0
DA:21,0
DA:22,0
DA:23,0
DA:27,0
DA:28,0
DA:30,0
DA:31,0
DA:32,0
DA:33,0
DA:34,0
DA:38,0
DA:41,0
DA:42,0
DA:43,0
DA:44,0
DA:47,0
DA:48,0
DA:49,0
DA:50,0
LF:33
LH:0
BRDA:14,0,0,0
BRDA:14,0,1,0
BRDA:33,1,0,0
BRDA:33,1,1,0
BRF:4
BRH:0
end_of_record
TN:
SF:config\database.js
FN:31,(anonymous_0)
FN:46,(anonymous_1)
FNF:2
FNH:0
FNDA:0,(anonymous_0)
FNDA:0,(anonymous_1)
DA:6,0
DA:8,0
DA:11,0
DA:28,0
DA:31,0
DA:32,0
DA:33,0
DA:34,0
DA:35,0
DA:37,0
DA:38,0
DA:39,0
DA:42,0
DA:46,0
DA:47,0
DA:48,0
DA:49,0
DA:50,0
DA:54,0
LF:19
LH:0
BRDA:32,0,0,0
BRDA:32,0,1,0
BRDA:47,1,0,0
BRDA:47,1,1,0
BRF:4
BRH:0
end_of_record
TN:
SF:middleware\asyncHandler.js
FN:6,(anonymous_0)
FN:6,(anonymous_1)
FNF:2
FNH:0
FNDA:0,(anonymous_0)
FNDA:0,(anonymous_1)
DA:6,0
DA:7,0
DA:10,0
LF:3
LH:0
BRF:0
BRH:0
end_of_record
TN:
SF:middleware\errorHandler.js
FN:2,(anonymous_0)
FN:11,(anonymous_1)
FN:18,(anonymous_2)
FN:25,(anonymous_3)
FN:31,(anonymous_4)
FNF:5
FNH:2
FNDA:2,(anonymous_0)
FNDA:2,(anonymous_1)
FNDA:0,(anonymous_2)
FNDA:0,(anonymous_3)
FNDA:0,(anonymous_4)
DA:3,2
DA:4,2
DA:5,2
DA:6,2
DA:12,2
DA:13,2
DA:19,0
DA:20,0
DA:26,0
DA:27,0
DA:31,1
DA:32,0
DA:40,0
DA:41,0
DA:47,0
DA:48,0
DA:55,0
DA:62,1
LF:18
LH:8
BRDA:35,0,0,0
BRDA:35,0,1,0
BRDA:40,1,0,0
BRDA:40,1,1,0
BRDA:47,2,0,0
BRDA:47,2,1,0
BRDA:47,3,0,0
BRDA:47,3,1,0
BRDA:51,4,0,0
BRDA:51,4,1,0
BRDA:58,5,0,0
BRDA:58,5,1,0
BRF:12
BRH:0
end_of_record
TN:
SF:middleware\validator.js
FN:5,(anonymous_0)
FN:53,(anonymous_1)
FNF:2
FNH:2
FNDA:2,(anonymous_0)
FNDA:2,(anonymous_1)
DA:3,1
DA:5,1
DA:6,2
DA:7,2
DA:10,2
DA:11,0
DA:12,2
DA:13,0
DA:14,2
DA:15,0
DA:19,2
DA:20,0
DA:21,2
DA:22,0
DA:23,2
DA:24,0
DA:28,2
DA:29,0
DA:31,2
DA:32,2
DA:33,1
DA:38,2
DA:39,1
DA:40,1
DA:41,0
DA:45,2
DA:46,1
DA:49,1
DA:53,1
DA:54,2
DA:56,2
DA:57,1
DA:60,1
DA:61,1
DA:64,1
LF:35
LH:27
BRDA:10,0,0,0
BRDA:10,0,1,2
BRDA:10,1,0,2
BRDA:10,1,1,2
BRDA:12,2,0,0
BRDA:12,2,1,2
BRDA:14,3,0,0
BRDA:14,3,1,2
BRDA:19,4,0,0
BRDA:19,4,1,2
BRDA:19,5,0,2
BRDA:19,5,1,2
BRDA:21,6,0,0
BRDA:21,6,1,2
BRDA:23,7,0,0
BRDA:23,7,1,2
BRDA:28,8,0,0
BRDA:28,8,1,2
BRDA:28,9,0,2
BRDA:28,9,1,2
BRDA:32,10,0,1
BRDA:32,10,1,1
BRDA:38,11,0,1
BRDA:38,11,1,1
BRDA:38,12,0,2
BRDA:38,12,1,1
BRDA:40,13,0,0
BRDA:40,13,1,1
BRDA:45,14,0,1
BRDA:45,14,1,1
BRDA:56,15,0,1
BRDA:56,15,1,1
BRDA:56,16,0,2
BRDA:56,16,1,2
BRF:34
BRH:26
end_of_record
TN:
SF:routes\index.js
FN:10,(anonymous_0)
FN:21,(anonymous_1)
FN:41,(anonymous_2)
FN:70,(anonymous_3)
FN:96,(anonymous_4)
FN:136,(anonymous_5)
FN:163,(anonymous_6)
FNF:7
FNH:0
FNDA:0,(anonymous_0)
FNDA:0,(anonymous_1)
FNDA:0,(anonymous_2)
FNDA:0,(anonymous_3)
FNDA:0,(anonymous_4)
FNDA:0,(anonymous_5)
FNDA:0,(anonymous_6)
DA:1,0
DA:2,0
DA:3,0
DA:5,0
DA:6,0
DA:7,0
DA:10,0
DA:11,0
DA:19,0
DA:22,0
DA:23,0
DA:29,0
DA:38,0
DA:42,0
DA:43,0
DA:54,0
DA:55,0
DA:61,0
DA:69,0
DA:71,0
DA:72,0
DA:73,0
DA:84,0
DA:85,0
DA:87,0
DA:95,0
DA:97,0
DA:99,0
DA:100,0
DA:118,0
DA:119,0
DA:125,0
DA:127,0
DA:135,0
DA:137,0
DA:138,0
DA:144,0
DA:145,0
DA:151,0
DA:162,0
DA:164,0
DA:165,0
DA:166,0
DA:169,0
LF:44
LH:0
BRDA:54,0,0,0
BRDA:54,0,1,0
BRDA:78,1,0,0
BRDA:78,1,1,0
BRDA:106,2,0,0
BRDA:106,2,1,0
BRDA:118,3,0,0
BRDA:118,3,1,0
BRDA:144,4,0,0
BRDA:144,4,1,0
BRF:10
BRH:0
end_of_record
